<?xml version="1.0" encoding="UTF-8"?>
<!-- Generated by org.testng.reporters.JUnitReportReporter -->
<testsuite hostname="DESKTOP-ICLD36V" failures="0" tests="5" name="testsuite.Tests" time="38.014" errors="0" timestamp="2024-07-17T16:10:37 IST" skipped="0">
  <testcase classname="testsuite.Tests" name="Search_with_valid_criteria" time="8.174"/>
  <system-out/>
  <testcase classname="testsuite.Tests" name="Search_with_blank_text" time="3.917"/>
  <system-out/>
  <testcase classname="testsuite.Tests" name="Search_with_valid_item" time="8.002"/>
  <system-out/>
  <testcase classname="testsuite.Tests" name="Register" time="9.867"/>
  <system-out/>
  <testcase classname="testsuite.Tests" name="Search_with_invalid_item" time="8.054"/>
  <system-out/>
</testsuite> <!-- testsuite.Tests -->
