<?xml version="1.0" encoding="UTF-8"?>
<!-- Generated by org.testng.reporters.JUnitReportReporter -->
<testsuite hostname="DESKTOP-ICLD36V" failures="0" tests="5" name="testsuite.Tests" time="37.868" errors="0" timestamp="2024-07-17T15:21:36 IST" skipped="0">
  <testcase classname="testsuite.Tests" name="Register" time="9.670"/>
  <system-out/>
  <testcase classname="testsuite.Tests" name="Search_with_invalid_item" time="8.103"/>
  <system-out/>
  <testcase classname="testsuite.Tests" name="Search_with_valid_criteria" time="8.209"/>
  <system-out/>
  <testcase classname="testsuite.Tests" name="Search_with_valid_item" time="7.961"/>
  <system-out/>
  <testcase classname="testsuite.Tests" name="Search_with_blank_text" time="3.925"/>
  <system-out/>
</testsuite> <!-- testsuite.Tests -->
