<?xml version="1.0" encoding="UTF-8"?>
<!-- Generated by org.testng.reporters.JUnitReportReporter -->
<testsuite hostname="DESKTOP-ICLD36V" failures="0" tests="2" name="testsuite.Tests" time="35.173" errors="0" timestamp="2024-07-17T13:11:52 IST" skipped="0">
  <testcase classname="testsuite.Tests" name="Register" time="14.832"/>
  <system-out/>
  <testcase classname="testsuite.Tests" name="Search_function" time="20.341"/>
  <system-out/>
</testsuite> <!-- testsuite.Tests -->
