<?xml version="1.0" encoding="UTF-8"?>
<!-- Generated by org.testng.reporters.JUnitReportReporter -->
<testsuite hostname="DESKTOP-ICLD36V" failures="0" tests="6" name="testsuite.Tests" time="38.859" errors="0" timestamp="2024-07-17T17:05:41 IST" skipped="0">
  <testcase classname="testsuite.Tests" name="Log_out" time="0.842"/>
  <system-out/>
  <testcase classname="testsuite.Tests" name="Search_with_valid_item" time="8.079"/>
  <system-out/>
  <testcase classname="testsuite.Tests" name="Search_with_blank_text" time="3.995"/>
  <system-out/>
  <testcase classname="testsuite.Tests" name="Search_with_invalid_item" time="8.050"/>
  <system-out/>
  <testcase classname="testsuite.Tests" name="Register" time="9.729"/>
  <system-out/>
  <testcase classname="testsuite.Tests" name="Search_with_valid_criteria" time="8.164"/>
  <system-out/>
</testsuite> <!-- testsuite.Tests -->
