<?xml version="1.0" encoding="UTF-8"?>
<!-- Generated by org.testng.reporters.JUnitReportReporter -->
<testsuite hostname="DESKTOP-ICLD36V" failures="0" tests="5" name="testsuite.Tests" time="37.624" errors="0" timestamp="2024-07-17T16:52:10 IST" skipped="0">
  <testcase classname="testsuite.Tests" name="Search_with_valid_item" time="7.945"/>
  <system-out/>
  <testcase classname="testsuite.Tests" name="Search_with_blank_text" time="3.988"/>
  <system-out/>
  <testcase classname="testsuite.Tests" name="Register" time="9.479"/>
  <system-out/>
  <testcase classname="testsuite.Tests" name="Search_with_invalid_item" time="7.978"/>
  <system-out/>
  <testcase classname="testsuite.Tests" name="Search_with_valid_criteria" time="8.234"/>
  <system-out/>
</testsuite> <!-- testsuite.Tests -->
